[2019-07-20 18:00:07] | CInterfaceManager.cpp-L4664: CamCtrl[2020009], GigE SDKVersion(1040009), DriverVersion(1040001)
[2019-07-20 18:00:12] | CInterfaceManager.cpp-L4664: CamCtrl[2020009], GigE SDKVersion(1040009), DriverVersion(1040001)
[2019-07-20 18:00:16] | CInterfaceManager.cpp-L4664: CamCtrl[2020009], GigE SDKVersion(1040009), DriverVersion(1040001)
[2019-07-20 18:00:29] | CInterfaceManager.cpp-L4664: CamCtrl[2020009], GigE SDKVersion(1040009), DriverVersion(1040001)
[2019-07-20 18:00:30] | CInterfaceManager.cpp-L1066: remalloc RecvBuf succeed, [252048]
[2019-07-20 18:00:30] | CInterfaceManager.cpp-L4335: Camctrl RecvThread Start, ThreadId[-1176852736]
[2019-07-20 18:00:30] | CInterfaceManager.cpp-L4149: Camctrl DisplayThread Start, ThreadId[-1185245440]
[2019-07-20 18:00:30] | CInterfaceManager.cpp-L1208: getfcnt [1], getfcntsucceed[0], totalRecv[0] 
[2019-07-20 18:00:30] | CInterfaceManager.cpp-L4475: RecvThreadProcess exit
[2019-07-20 18:00:30] | CInterfaceManager.cpp-L4323: DisplayProcess exit
[2019-07-22 09:53:26] | CInterfaceManager.cpp-L4664: CamCtrl[2020009], GigE SDKVersion(1040009), DriverVersion(1040001)
[2019-07-22 09:53:26] | CInterfaceManager.cpp-L1066: remalloc RecvBuf succeed, [252048]
[2019-07-22 09:53:26] | CInterfaceManager.cpp-L4335: Camctrl RecvThread Start, ThreadId[-629160192]
[2019-07-22 09:53:26] | CInterfaceManager.cpp-L4149: Camctrl DisplayThread Start, ThreadId[-637552896]
[2019-07-22 09:53:27] | CInterfaceManager.cpp-L1208: getfcnt [1], getfcntsucceed[0], totalRecv[0] 
[2019-07-22 09:53:27] | CInterfaceManager.cpp-L4475: RecvThreadProcess exit
[2019-07-22 09:53:27] | CInterfaceManager.cpp-L4323: DisplayProcess exit
[2019-07-22 09:54:12] | CInterfaceManager.cpp-L4664: CamCtrl[2020009], GigE SDKVersion(1040009), DriverVersion(1040001)
[2019-07-22 09:54:12] | CInterfaceManager.cpp-L1066: remalloc RecvBuf succeed, [252048]
[2019-07-22 09:54:12] | CInterfaceManager.cpp-L4335: Camctrl RecvThread Start, ThreadId[-1510181120]
[2019-07-22 09:54:12] | CInterfaceManager.cpp-L4149: Camctrl DisplayThread Start, ThreadId[-1518573824]
[2019-07-22 09:54:13] | CInterfaceManager.cpp-L1208: getfcnt [1], getfcntsucceed[0], totalRecv[0] 
[2019-07-22 09:54:13] | CInterfaceManager.cpp-L4475: RecvThreadProcess exit
[2019-07-22 09:54:13] | CInterfaceManager.cpp-L4323: DisplayProcess exit
[2019-07-22 09:54:21] | CInterfaceManager.cpp-L4664: CamCtrl[2020009], GigE SDKVersion(1040009), DriverVersion(1040001)
[2019-07-22 09:54:21] | CInterfaceManager.cpp-L1066: remalloc RecvBuf succeed, [252048]
[2019-07-22 09:54:21] | CInterfaceManager.cpp-L4335: Camctrl RecvThread Start, ThreadId[251647744]
[2019-07-22 09:54:21] | CInterfaceManager.cpp-L4149: Camctrl DisplayThread Start, ThreadId[243255040]
[2019-07-22 09:54:21] | CInterfaceManager.cpp-L1208: getfcnt [1], getfcntsucceed[0], totalRecv[0] 
[2019-07-22 09:54:21] | CInterfaceManager.cpp-L4475: RecvThreadProcess exit
[2019-07-22 09:54:21] | CInterfaceManager.cpp-L4323: DisplayProcess exit
[2019-07-22 09:54:51] | CInterfaceManager.cpp-L4664: CamCtrl[2020009], GigE SDKVersion(1040009), DriverVersion(1040001)
[2019-07-22 09:54:51] | CInterfaceManager.cpp-L1066: remalloc RecvBuf succeed, [252048]
[2019-07-22 09:54:51] | CInterfaceManager.cpp-L4335: Camctrl RecvThread Start, ThreadId[1188022016]
[2019-07-22 09:54:51] | CInterfaceManager.cpp-L4149: Camctrl DisplayThread Start, ThreadId[1179629312]
[2019-07-22 09:54:52] | CInterfaceManager.cpp-L1208: getfcnt [1], getfcntsucceed[0], totalRecv[0] 
[2019-07-22 09:54:52] | CInterfaceManager.cpp-L4323: DisplayProcess exit
[2019-07-22 09:54:52] | CInterfaceManager.cpp-L4475: RecvThreadProcess exit
[2019-07-22 09:57:53] | CInterfaceManager.cpp-L4664: CamCtrl[2020009], GigE SDKVersion(1040009), DriverVersion(1040001)
[2019-07-22 09:57:54] | CInterfaceManager.cpp-L1066: remalloc RecvBuf succeed, [252048]
[2019-07-22 09:57:54] | CInterfaceManager.cpp-L4335: Camctrl RecvThread Start, ThreadId[-1026570496]
[2019-07-22 09:57:54] | CInterfaceManager.cpp-L4149: Camctrl DisplayThread Start, ThreadId[-1034963200]
[2019-07-22 10:41:45] | CInterfaceManager.cpp-L4664: CamCtrl[2020009], GigE SDKVersion(1040009), DriverVersion(1040001)
[2019-07-22 10:41:46] | CInterfaceManager.cpp-L1066: remalloc RecvBuf succeed, [252048]
[2019-07-22 10:41:46] | CInterfaceManager.cpp-L4335: Camctrl RecvThread Start, ThreadId[76379904]
[2019-07-22 10:41:46] | CInterfaceManager.cpp-L4149: Camctrl DisplayThread Start, ThreadId[-134220032]
[2019-07-22 10:43:02] | CInterfaceManager.cpp-L4664: CamCtrl[2020009], GigE SDKVersion(1040009), DriverVersion(1040001)
[2019-07-22 10:43:02] | CInterfaceManager.cpp-L1066: remalloc RecvBuf succeed, [252048]
[2019-07-22 10:43:03] | CInterfaceManager.cpp-L4335: Camctrl RecvThread Start, ThreadId[651151104]
[2019-07-22 10:43:03] | CInterfaceManager.cpp-L4149: Camctrl DisplayThread Start, ThreadId[642758400]
[2019-07-22 10:43:26] | CInterfaceManager.cpp-L4664: CamCtrl[2020009], GigE SDKVersion(1040009), DriverVersion(1040001)
[2019-07-22 10:43:26] | CInterfaceManager.cpp-L1066: remalloc RecvBuf succeed, [252048]
[2019-07-22 10:43:26] | CInterfaceManager.cpp-L4335: Camctrl RecvThread Start, ThreadId[-1026570496]
[2019-07-22 10:43:26] | CInterfaceManager.cpp-L4149: Camctrl DisplayThread Start, ThreadId[-1034963200]
[2019-07-22 10:44:10] | CInterfaceManager.cpp-L4664: CamCtrl[2020009], GigE SDKVersion(1040009), DriverVersion(1040001)
[2019-07-22 10:44:10] | CInterfaceManager.cpp-L1066: remalloc RecvBuf succeed, [252048]
[2019-07-22 10:44:10] | CInterfaceManager.cpp-L4335: Camctrl RecvThread Start, ThreadId[-469764352]
[2019-07-22 10:44:10] | CInterfaceManager.cpp-L4149: Camctrl DisplayThread Start, ThreadId[-478157056]
[2019-07-22 10:47:11] | CInterfaceManager.cpp-L4664: CamCtrl[2020009], GigE SDKVersion(1040009), DriverVersion(1040001)
[2019-07-22 10:47:11] | CInterfaceManager.cpp-L1066: remalloc RecvBuf succeed, [252048]
[2019-07-22 10:47:11] | CInterfaceManager.cpp-L4335: Camctrl RecvThread Start, ThreadId[-2097162496]
[2019-07-22 10:47:11] | CInterfaceManager.cpp-L4149: Camctrl DisplayThread Start, ThreadId[-2105555200]
[2019-07-22 10:48:01] | CInterfaceManager.cpp-L4664: CamCtrl[2020009], GigE SDKVersion(1040009), DriverVersion(1040001)
[2019-07-22 10:48:02] | CInterfaceManager.cpp-L1066: remalloc RecvBuf succeed, [252048]
[2019-07-22 10:48:02] | CInterfaceManager.cpp-L4335: Camctrl RecvThread Start, ThreadId[1644234496]
[2019-07-22 10:48:02] | CInterfaceManager.cpp-L4149: Camctrl DisplayThread Start, ThreadId[1635841792]
[2019-07-22 10:48:27] | CInterfaceManager.cpp-L4664: CamCtrl[2020009], GigE SDKVersion(1040009), DriverVersion(1040001)
[2019-07-22 10:48:27] | CInterfaceManager.cpp-L1066: remalloc RecvBuf succeed, [252048]
[2019-07-22 10:48:27] | CInterfaceManager.cpp-L4335: Camctrl RecvThread Start, ThreadId[-1957701888]
[2019-07-22 10:48:27] | CInterfaceManager.cpp-L4149: Camctrl DisplayThread Start, ThreadId[-1966094592]
[2019-07-22 10:49:30] | CInterfaceManager.cpp-L4664: CamCtrl[2020009], GigE SDKVersion(1040009), DriverVersion(1040001)
[2019-07-22 10:49:31] | CInterfaceManager.cpp-L1066: remalloc RecvBuf succeed, [252048]
[2019-07-22 10:49:31] | CInterfaceManager.cpp-L4335: Camctrl RecvThread Start, ThreadId[452974336]
[2019-07-22 10:49:31] | CInterfaceManager.cpp-L4149: Camctrl DisplayThread Start, ThreadId[444581632]
[2019-07-22 10:49:53] | CInterfaceManager.cpp-L4664: CamCtrl[2020009], GigE SDKVersion(1040009), DriverVersion(1040001)
[2019-07-22 10:49:53] | CInterfaceManager.cpp-L1066: remalloc RecvBuf succeed, [252048]
[2019-07-22 10:49:53] | CInterfaceManager.cpp-L4335: Camctrl RecvThread Start, ThreadId[-102480128]
[2019-07-22 10:49:53] | CInterfaceManager.cpp-L4149: Camctrl DisplayThread Start, ThreadId[-110872832]
[2019-07-22 10:52:02] | CInterfaceManager.cpp-L4664: CamCtrl[2020009], GigE SDKVersion(1040009), DriverVersion(1040001)
[2019-07-22 10:52:02] | CInterfaceManager.cpp-L1066: remalloc RecvBuf succeed, [252048]
[2019-07-22 10:52:02] | CInterfaceManager.cpp-L4335: Camctrl RecvThread Start, ThreadId[922736384]
[2019-07-22 10:52:02] | CInterfaceManager.cpp-L4149: Camctrl DisplayThread Start, ThreadId[914343680]
[2019-07-22 10:53:36] | CInterfaceManager.cpp-L4664: CamCtrl[2020009], GigE SDKVersion(1040009), DriverVersion(1040001)
[2019-07-22 10:53:36] | CInterfaceManager.cpp-L1066: remalloc RecvBuf succeed, [252048]
[2019-07-22 10:53:36] | CInterfaceManager.cpp-L4335: Camctrl RecvThread Start, ThreadId[1937762048]
[2019-07-22 10:53:36] | CInterfaceManager.cpp-L4149: Camctrl DisplayThread Start, ThreadId[1929369344]
[2019-07-22 10:55:46] | CInterfaceManager.cpp-L4664: CamCtrl[2020009], GigE SDKVersion(1040009), DriverVersion(1040001)
[2019-07-22 10:55:46] | CInterfaceManager.cpp-L1066: remalloc RecvBuf succeed, [252048]
[2019-07-22 10:55:46] | CInterfaceManager.cpp-L4335: Camctrl RecvThread Start, ThreadId[-2071230720]
[2019-07-22 10:55:46] | CInterfaceManager.cpp-L4149: Camctrl DisplayThread Start, ThreadId[2013263616]
[2019-07-22 11:20:55] | CInterfaceManager.cpp-L4664: CamCtrl[2020009], GigE SDKVersion(1040009), DriverVersion(1040001)
[2019-07-22 11:20:55] | CInterfaceManager.cpp-L1066: remalloc RecvBuf succeed, [252048]
[2019-07-22 11:20:55] | CInterfaceManager.cpp-L4335: Camctrl RecvThread Start, ThreadId[-1048373504]
[2019-07-22 11:20:55] | CInterfaceManager.cpp-L4149: Camctrl DisplayThread Start, ThreadId[-1056766208]
[2019-07-22 11:31:10] | CInterfaceManager.cpp-L4664: CamCtrl[2020009], GigE SDKVersion(1040009), DriverVersion(1040001)
[2019-07-22 11:31:11] | CInterfaceManager.cpp-L1066: remalloc RecvBuf succeed, [252048]
[2019-07-22 11:31:11] | CInterfaceManager.cpp-L4335: Camctrl RecvThread Start, ThreadId[1786758912]
[2019-07-22 11:31:11] | CInterfaceManager.cpp-L4149: Camctrl DisplayThread Start, ThreadId[1778366208]
[2019-07-22 11:33:02] | CInterfaceManager.cpp-L4664: CamCtrl[2020009], GigE SDKVersion(1040009), DriverVersion(1040001)
[2019-07-22 11:33:02] | CInterfaceManager.cpp-L1066: remalloc RecvBuf succeed, [252048]
[2019-07-22 11:33:02] | CInterfaceManager.cpp-L4335: Camctrl RecvThread Start, ThreadId[-1753225472]
[2019-07-22 11:33:02] | CInterfaceManager.cpp-L4149: Camctrl DisplayThread Start, ThreadId[-1761618176]
[2019-07-22 11:33:37] | CInterfaceManager.cpp-L4664: CamCtrl[2020009], GigE SDKVersion(1040009), DriverVersion(1040001)
[2019-07-22 11:33:37] | CInterfaceManager.cpp-L1066: remalloc RecvBuf succeed, [252048]
[2019-07-22 11:33:37] | CInterfaceManager.cpp-L4335: Camctrl RecvThread Start, ThreadId[1669326592]
[2019-07-22 11:33:37] | CInterfaceManager.cpp-L4149: Camctrl DisplayThread Start, ThreadId[1660933888]
[2019-07-22 11:34:10] | CInterfaceManager.cpp-L4664: CamCtrl[2020009], GigE SDKVersion(1040009), DriverVersion(1040001)
[2019-07-22 11:34:10] | CInterfaceManager.cpp-L1066: remalloc RecvBuf succeed, [252048]
[2019-07-22 11:34:11] | CInterfaceManager.cpp-L4335: Camctrl RecvThread Start, ThreadId[-772331776]
[2019-07-22 11:34:11] | CInterfaceManager.cpp-L4149: Camctrl DisplayThread Start, ThreadId[-780724480]
[2019-07-22 11:34:49] | CInterfaceManager.cpp-L4664: CamCtrl[2020009], GigE SDKVersion(1040009), DriverVersion(1040001)
[2019-07-22 11:34:50] | CInterfaceManager.cpp-L1066: remalloc RecvBuf succeed, [252048]
[2019-07-22 11:34:50] | CInterfaceManager.cpp-L4149: Camctrl DisplayThread Start, ThreadId[662693632]
[2019-07-22 11:34:50] | CInterfaceManager.cpp-L4335: Camctrl RecvThread Start, ThreadId[671086336]
[2019-07-22 11:35:36] | CInterfaceManager.cpp-L4664: CamCtrl[2020009], GigE SDKVersion(1040009), DriverVersion(1040001)
[2019-07-22 11:35:36] | CInterfaceManager.cpp-L1066: remalloc RecvBuf succeed, [252048]
[2019-07-22 11:35:36] | CInterfaceManager.cpp-L4335: Camctrl RecvThread Start, ThreadId[-1275070720]
[2019-07-22 11:35:36] | CInterfaceManager.cpp-L4149: Camctrl DisplayThread Start, ThreadId[-1283463424]
[2019-07-22 11:37:14] | CInterfaceManager.cpp-L4664: CamCtrl[2020009], GigE SDKVersion(1040009), DriverVersion(1040001)
[2019-07-22 11:37:14] | CInterfaceManager.cpp-L1066: remalloc RecvBuf succeed, [252048]
[2019-07-22 11:37:14] | CInterfaceManager.cpp-L4335: Camctrl RecvThread Start, ThreadId[1688016640]
[2019-07-22 11:37:14] | CInterfaceManager.cpp-L4149: Camctrl DisplayThread Start, ThreadId[1476392704]
[2019-07-22 11:37:36] | CInterfaceManager.cpp-L4664: CamCtrl[2020009], GigE SDKVersion(1040009), DriverVersion(1040001)
[2019-07-22 11:37:37] | CInterfaceManager.cpp-L1066: remalloc RecvBuf succeed, [252048]
[2019-07-22 11:37:37] | CInterfaceManager.cpp-L4335: Camctrl RecvThread Start, ThreadId[662693632]
[2019-07-22 11:37:37] | CInterfaceManager.cpp-L4149: Camctrl DisplayThread Start, ThreadId[654300928]
[2019-07-22 14:21:38] | CInterfaceManager.cpp-L4664: CamCtrl[2020009], GigE SDKVersion(1040009), DriverVersion(1040001)
[2019-07-22 14:21:39] | CInterfaceManager.cpp-L1066: remalloc RecvBuf succeed, [252048]
[2019-07-22 14:21:39] | CInterfaceManager.cpp-L4335: Camctrl RecvThread Start, ThreadId[486180608]
[2019-07-22 14:21:39] | CInterfaceManager.cpp-L4149: Camctrl DisplayThread Start, ThreadId[268433152]
[2019-07-22 14:22:06] | CInterfaceManager.cpp-L4664: CamCtrl[2020009], GigE SDKVersion(1040009), DriverVersion(1040001)
[2019-07-22 14:22:07] | CInterfaceManager.cpp-L1066: remalloc RecvBuf succeed, [252048]
[2019-07-22 14:22:07] | CInterfaceManager.cpp-L4335: Camctrl RecvThread Start, ThreadId[1236231936]
[2019-07-22 14:22:07] | CInterfaceManager.cpp-L4149: Camctrl DisplayThread Start, ThreadId[1227839232]
[2019-07-22 14:25:07] | CInterfaceManager.cpp-L4664: CamCtrl[2020009], GigE SDKVersion(1040009), DriverVersion(1040001)
[2019-07-22 14:25:08] | CInterfaceManager.cpp-L1066: remalloc RecvBuf succeed, [252048]
[2019-07-22 14:25:08] | CInterfaceManager.cpp-L4335: Camctrl RecvThread Start, ThreadId[1954735872]
[2019-07-22 14:25:08] | CInterfaceManager.cpp-L4149: Camctrl DisplayThread Start, ThreadId[1744828160]
[2019-07-22 14:25:08] | CInterfaceManager.cpp-L1208: getfcnt [1], getfcntsucceed[0], totalRecv[0] 
[2019-07-22 14:25:08] | CInterfaceManager.cpp-L4475: RecvThreadProcess exit
[2019-07-22 14:25:08] | CInterfaceManager.cpp-L4323: DisplayProcess exit
[2019-07-22 14:28:24] | CInterfaceManager.cpp-L4664: CamCtrl[2020009], GigE SDKVersion(1040009), DriverVersion(1040001)
[2019-07-22 14:28:24] | CInterfaceManager.cpp-L1066: remalloc RecvBuf succeed, [252048]
[2019-07-22 14:28:24] | CInterfaceManager.cpp-L4335: Camctrl RecvThread Start, ThreadId[2071979776]
[2019-07-22 14:28:24] | CInterfaceManager.cpp-L4149: Camctrl DisplayThread Start, ThreadId[2063587072]
[2019-07-22 14:29:26] | CInterfaceManager.cpp-L4664: CamCtrl[2020009], GigE SDKVersion(1040009), DriverVersion(1040001)
[2019-07-22 14:29:26] | CInterfaceManager.cpp-L1066: remalloc RecvBuf succeed, [252048]
[2019-07-22 14:29:26] | CInterfaceManager.cpp-L4335: Camctrl RecvThread Start, ThreadId[-1610615040]
[2019-07-22 14:29:26] | CInterfaceManager.cpp-L4149: Camctrl DisplayThread Start, ThreadId[-1619007744]
[2019-07-22 14:31:09] | CInterfaceManager.cpp-L4664: CamCtrl[2020009], GigE SDKVersion(1040009), DriverVersion(1040001)
[2019-07-22 14:31:09] | CInterfaceManager.cpp-L1066: remalloc RecvBuf succeed, [252048]
[2019-07-22 14:31:09] | CInterfaceManager.cpp-L4335: Camctrl RecvThread Start, ThreadId[-766527744]
[2019-07-22 14:31:09] | CInterfaceManager.cpp-L4149: Camctrl DisplayThread Start, ThreadId[-774920448]
[2019-07-22 14:45:46] | CInterfaceManager.cpp-L4664: CamCtrl[2020009], GigE SDKVersion(1040009), DriverVersion(1040001)
[2019-07-22 14:45:47] | CInterfaceManager.cpp-L1066: remalloc RecvBuf succeed, [252048]
[2019-07-22 14:45:47] | CInterfaceManager.cpp-L4335: Camctrl RecvThread Start, ThreadId[1199564544]
[2019-07-22 14:45:47] | CInterfaceManager.cpp-L4149: Camctrl DisplayThread Start, ThreadId[1191171840]
[2019-07-22 14:45:52] | CInterfaceManager.cpp-L4664: CamCtrl[2020009], GigE SDKVersion(1040009), DriverVersion(1040001)
[2019-07-22 14:45:53] | CInterfaceManager.cpp-L1066: remalloc RecvBuf succeed, [252048]
[2019-07-22 14:45:53] | CInterfaceManager.cpp-L4335: Camctrl RecvThread Start, ThreadId[919586560]
[2019-07-22 14:45:53] | CInterfaceManager.cpp-L4149: Camctrl DisplayThread Start, ThreadId[911193856]
[2019-07-22 14:45:56] | CInterfaceManager.cpp-L4664: CamCtrl[2020009], GigE SDKVersion(1040009), DriverVersion(1040001)
[2019-07-22 14:45:58] | CInterfaceManager.cpp-L4664: CamCtrl[2020009], GigE SDKVersion(1040009), DriverVersion(1040001)
[2019-07-22 14:45:58] | CInterfaceManager.cpp-L1066: remalloc RecvBuf succeed, [252048]
[2019-07-22 14:45:58] | CInterfaceManager.cpp-L4335: Camctrl RecvThread Start, ThreadId[25786112]
[2019-07-22 14:45:58] | CInterfaceManager.cpp-L4149: Camctrl DisplayThread Start, ThreadId[17393408]
[2019-07-22 14:47:04] | CInterfaceManager.cpp-L4664: CamCtrl[2020009], GigE SDKVersion(1040009), DriverVersion(1040001)
[2019-07-22 14:47:04] | CInterfaceManager.cpp-L1066: remalloc RecvBuf succeed, [252048]
[2019-07-22 14:47:05] | CInterfaceManager.cpp-L4335: Camctrl RecvThread Start, ThreadId[-1994078464]
[2019-07-22 14:47:05] | CInterfaceManager.cpp-L4149: Camctrl DisplayThread Start, ThreadId[-2002471168]
[2019-07-22 14:47:59] | CInterfaceManager.cpp-L4664: CamCtrl[2020009], GigE SDKVersion(1040009), DriverVersion(1040001)
[2019-07-22 14:47:59] | CInterfaceManager.cpp-L1066: remalloc RecvBuf succeed, [252048]
[2019-07-22 14:47:59] | CInterfaceManager.cpp-L4335: Camctrl RecvThread Start, ThreadId[1693681408]
[2019-07-22 14:47:59] | CInterfaceManager.cpp-L4149: Camctrl DisplayThread Start, ThreadId[1476392704]
[2019-07-22 14:48:07] | CInterfaceManager.cpp-L4664: CamCtrl[2020009], GigE SDKVersion(1040009), DriverVersion(1040001)
[2019-07-22 14:48:07] | CInterfaceManager.cpp-L1066: remalloc RecvBuf succeed, [252048]
[2019-07-22 14:48:07] | CInterfaceManager.cpp-L4335: Camctrl RecvThread Start, ThreadId[1523566336]
[2019-07-22 14:48:07] | CInterfaceManager.cpp-L4149: Camctrl DisplayThread Start, ThreadId[1515173632]
[2019-07-22 14:49:11] | CInterfaceManager.cpp-L4664: CamCtrl[2020009], GigE SDKVersion(1040009), DriverVersion(1040001)
[2019-07-22 14:49:11] | CInterfaceManager.cpp-L1066: remalloc RecvBuf succeed, [252048]
[2019-07-22 14:49:12] | CInterfaceManager.cpp-L4335: Camctrl RecvThread Start, ThreadId[-862853376]
[2019-07-22 14:49:12] | CInterfaceManager.cpp-L4149: Camctrl DisplayThread Start, ThreadId[-1073744128]
[2019-07-22 14:54:14] | CInterfaceManager.cpp-L4664: CamCtrl[2020009], GigE SDKVersion(1040009), DriverVersion(1040001)
[2019-07-22 14:54:14] | CInterfaceManager.cpp-L1066: remalloc RecvBuf succeed, [252048]
[2019-07-22 14:54:14] | CInterfaceManager.cpp-L4335: Camctrl RecvThread Start, ThreadId[-825243904]
[2019-07-22 14:54:14] | CInterfaceManager.cpp-L4149: Camctrl DisplayThread Start, ThreadId[-833636608]
[2019-07-22 14:56:37] | CInterfaceManager.cpp-L4664: CamCtrl[2020009], GigE SDKVersion(1040009), DriverVersion(1040001)
[2019-07-22 14:56:37] | CInterfaceManager.cpp-L1066: remalloc RecvBuf succeed, [252048]
[2019-07-22 14:56:37] | CInterfaceManager.cpp-L4149: Camctrl DisplayThread Start, ThreadId[-142612736]
[2019-07-22 14:56:37] | CInterfaceManager.cpp-L4335: Camctrl RecvThread Start, ThreadId[-134220032]
[2019-07-22 14:59:30] | CInterfaceManager.cpp-L4664: CamCtrl[2020009], GigE SDKVersion(1040009), DriverVersion(1040001)
[2019-07-22 14:59:30] | CInterfaceManager.cpp-L1066: remalloc RecvBuf succeed, [252048]
[2019-07-22 14:59:30] | CInterfaceManager.cpp-L4335: Camctrl RecvThread Start, ThreadId[1763112704]
[2019-07-22 14:59:30] | CInterfaceManager.cpp-L4149: Camctrl DisplayThread Start, ThreadId[1754720000]
[2019-07-22 15:00:51] | CInterfaceManager.cpp-L4664: CamCtrl[2020009], GigE SDKVersion(1040009), DriverVersion(1040001)
[2019-07-22 15:00:52] | CInterfaceManager.cpp-L1066: remalloc RecvBuf succeed, [252048]
[2019-07-22 15:00:52] | CInterfaceManager.cpp-L4335: Camctrl RecvThread Start, ThreadId[1333782272]
[2019-07-22 15:00:52] | CInterfaceManager.cpp-L4149: Camctrl DisplayThread Start, ThreadId[1325389568]
[2019-07-22 15:04:43] | CInterfaceManager.cpp-L4664: CamCtrl[2020009], GigE SDKVersion(1040009), DriverVersion(1040001)
[2019-07-22 15:04:43] | CInterfaceManager.cpp-L1066: remalloc RecvBuf succeed, [252048]
[2019-07-22 15:04:43] | CInterfaceManager.cpp-L4335: Camctrl RecvThread Start, ThreadId[172996352]
[2019-07-22 15:04:43] | CInterfaceManager.cpp-L4149: Camctrl DisplayThread Start, ThreadId[164603648]
[2019-07-22 15:09:04] | CInterfaceManager.cpp-L4664: CamCtrl[2020009], GigE SDKVersion(1040009), DriverVersion(1040001)
[2019-07-22 15:09:04] | CInterfaceManager.cpp-L1066: remalloc RecvBuf succeed, [252048]
[2019-07-22 15:09:04] | CInterfaceManager.cpp-L4335: Camctrl RecvThread Start, ThreadId[226289408]
[2019-07-22 15:09:04] | CInterfaceManager.cpp-L4149: Camctrl DisplayThread Start, ThreadId[217896704]
[2019-07-22 15:10:08] | CInterfaceManager.cpp-L4664: CamCtrl[2020009], GigE SDKVersion(1040009), DriverVersion(1040001)
[2019-07-22 15:10:08] | CInterfaceManager.cpp-L1066: remalloc RecvBuf succeed, [252048]
[2019-07-22 15:10:08] | CInterfaceManager.cpp-L4335: Camctrl RecvThread Start, ThreadId[-1275070720]
[2019-07-22 15:10:08] | CInterfaceManager.cpp-L4149: Camctrl DisplayThread Start, ThreadId[-1283463424]
[2019-09-04 11:35:09] | CInterfaceManager.cpp-L4664: CamCtrl[2020009], GigE SDKVersion(1040009), DriverVersion(1040001)
[2019-09-04 11:35:09] | CInterfaceManager.cpp-L1066: remalloc RecvBuf succeed, [174848]
[2019-09-04 11:35:09] | CInterfaceManager.cpp-L4335: Camctrl RecvThread Start, ThreadId[-1182828800]
[2019-09-04 11:35:09] | CInterfaceManager.cpp-L4149: Camctrl DisplayThread Start, ThreadId[-1191221504]
[2019-09-04 11:35:12] | CInterfaceManager.cpp-L1208: getfcnt [13], getfcntsucceed[0], totalRecv[0] 
[2019-09-04 11:35:12] | CInterfaceManager.cpp-L4323: DisplayProcess exit
[2019-09-04 11:35:12] | CInterfaceManager.cpp-L4475: RecvThreadProcess exit
[2019-09-04 11:38:04] | CInterfaceManager.cpp-L4664: CamCtrl[2020009], GigE SDKVersion(1040009), DriverVersion(1040001)
[2019-09-04 11:38:04] | CInterfaceManager.cpp-L1066: remalloc RecvBuf succeed, [174848]
[2019-09-04 11:38:04] | CInterfaceManager.cpp-L4335: Camctrl RecvThread Start, ThreadId[323999488]
[2019-09-04 11:38:04] | CInterfaceManager.cpp-L4149: Camctrl DisplayThread Start, ThreadId[315606784]
[2019-09-04 11:38:07] | CInterfaceManager.cpp-L1208: getfcnt [13], getfcntsucceed[0], totalRecv[0] 
[2019-09-04 11:38:07] | CInterfaceManager.cpp-L4475: RecvThreadProcess exit
[2019-09-04 11:38:07] | CInterfaceManager.cpp-L4323: DisplayProcess exit
[2019-09-04 11:41:55] | CInterfaceManager.cpp-L4664: CamCtrl[2020009], GigE SDKVersion(1040009), DriverVersion(1040001)
[2019-09-04 11:41:56] | CInterfaceManager.cpp-L1066: remalloc RecvBuf succeed, [174848]
[2019-09-04 11:41:56] | CInterfaceManager.cpp-L4335: Camctrl RecvThread Start, ThreadId[-792750336]
[2019-09-04 11:41:56] | CInterfaceManager.cpp-L4149: Camctrl DisplayThread Start, ThreadId[-1006635264]
[2019-09-04 11:42:39] | CInterfaceManager.cpp-L4664: CamCtrl[2020009], GigE SDKVersion(1040009), DriverVersion(1040001)
[2019-09-04 11:42:39] | CInterfaceManager.cpp-L1066: remalloc RecvBuf succeed, [174848]
[2019-09-04 11:42:39] | CInterfaceManager.cpp-L4335: Camctrl RecvThread Start, ThreadId[-816851200]
[2019-09-04 11:42:39] | CInterfaceManager.cpp-L4149: Camctrl DisplayThread Start, ThreadId[-825243904]
[2019-09-04 11:46:14] | CInterfaceManager.cpp-L4664: CamCtrl[2020009], GigE SDKVersion(1040009), DriverVersion(1040001)
[2019-09-04 11:46:14] | CInterfaceManager.cpp-L1066: remalloc RecvBuf succeed, [174848]
[2019-09-04 11:46:14] | CInterfaceManager.cpp-L4335: Camctrl RecvThread Start, ThreadId[-1647986944]
[2019-09-04 11:46:14] | CInterfaceManager.cpp-L4149: Camctrl DisplayThread Start, ThreadId[-1656379648]
[2019-09-04 11:46:40] | CInterfaceManager.cpp-L4664: CamCtrl[2020009], GigE SDKVersion(1040009), DriverVersion(1040001)
[2019-09-04 11:46:40] | CInterfaceManager.cpp-L1066: remalloc RecvBuf succeed, [174848]
[2019-09-04 11:46:40] | CInterfaceManager.cpp-L4335: Camctrl RecvThread Start, ThreadId[-134220032]
[2019-09-04 11:46:40] | CInterfaceManager.cpp-L4149: Camctrl DisplayThread Start, ThreadId[-142612736]
[2019-09-04 15:42:32] | CInterfaceManager.cpp-L4664: CamCtrl[2020009], GigE SDKVersion(1040009), DriverVersion(1040001)
[2019-09-04 15:42:32] | CInterfaceManager.cpp-L1066: remalloc RecvBuf succeed, [174848]
[2019-09-04 15:42:32] | CInterfaceManager.cpp-L4335: Camctrl RecvThread Start, ThreadId[-1193285888]
[2019-09-04 15:42:32] | CInterfaceManager.cpp-L4149: Camctrl DisplayThread Start, ThreadId[-1331706112]
[2019-09-04 15:44:59] | CInterfaceManager.cpp-L4664: CamCtrl[2020009], GigE SDKVersion(1040009), DriverVersion(1040001)
[2019-09-04 15:44:59] | CInterfaceManager.cpp-L1066: remalloc RecvBuf succeed, [174848]
[2019-09-04 15:44:59] | CInterfaceManager.cpp-L4335: Camctrl RecvThread Start, ThreadId[-2132809984]
[2019-09-04 15:44:59] | CInterfaceManager.cpp-L4149: Camctrl DisplayThread Start, ThreadId[2023737088]
[2019-09-04 15:47:16] | CInterfaceManager.cpp-L4664: CamCtrl[2020009], GigE SDKVersion(1040009), DriverVersion(1040001)
[2019-09-04 15:47:17] | CInterfaceManager.cpp-L1066: remalloc RecvBuf succeed, [174848]
[2019-09-04 15:47:17] | CInterfaceManager.cpp-L4335: Camctrl RecvThread Start, ThreadId[-190855424]
[2019-09-04 15:47:17] | CInterfaceManager.cpp-L4149: Camctrl DisplayThread Start, ThreadId[-287316224]
[2019-09-04 15:48:43] | CInterfaceManager.cpp-L4664: CamCtrl[2020009], GigE SDKVersion(1040009), DriverVersion(1040001)
[2019-09-04 15:48:43] | CInterfaceManager.cpp-L1066: remalloc RecvBuf succeed, [174848]
[2019-09-04 15:48:43] | CInterfaceManager.cpp-L4149: Camctrl DisplayThread Start, ThreadId[-1797265664]
[2019-09-04 15:48:43] | CInterfaceManager.cpp-L4335: Camctrl RecvThread Start, ThreadId[-1700804864]
[2019-09-04 15:51:58] | CInterfaceManager.cpp-L4664: CamCtrl[2020009], GigE SDKVersion(1040009), DriverVersion(1040001)
[2019-09-04 15:51:58] | CInterfaceManager.cpp-L1066: remalloc RecvBuf succeed, [174848]
[2019-09-04 15:51:58] | CInterfaceManager.cpp-L4335: Camctrl RecvThread Start, ThreadId[1457514240]
[2019-09-04 15:51:58] | CInterfaceManager.cpp-L4149: Camctrl DisplayThread Start, ThreadId[1319094016]
